[15:11:38] [INIT] KubeJS 2001.6.5-build.16; MC 2001 forge
[15:11:38] [INIT] Loaded plugins:
[15:11:38] [INIT] - dev.latvian.mods.kubejs.forge.BuiltinKubeJSForgePlugin
[15:11:38] [INIT] - dev.latvian.mods.kubejs.forge.BuiltinKubeJSForgeClientPlugin
[15:11:38] [INIT] - dev.wolfieboy09.tfmgjs.TFMGJSPlugin
[15:11:38] [INIT] - dev.latvian.mods.kubejs.create.KubeJSCreatePlugin
[15:11:38] [INIT] - com.blakebr0.cucumber.compat.kubejs.CucumberKubeJSPlugin
[15:11:38] [INIT] - com.klikli_dev.occultism_kubejs.KubeJSOccultismPlugin
[15:11:39] [INFO] Loaded script server_scripts:tfmg stuff.js in 0.005 s
[15:11:39] [INFO] Loaded script server_scripts:fixed_tags.js in 0.003 s
[15:11:39] [INFO] Loaded 2/2 KubeJS server scripts in 0.014 s with 0 errors and 0 warnings
[15:11:39] [INFO] Scripts loaded
[15:11:39] [INFO] Initializing recipe event...
[15:11:40] [INFO] [minecraft:item] Found 1600 tags, added 39 objects, removed 0 objects
[15:11:40] [INFO] [minecraft:block] Found 940 tags, added 9 objects, removed 9 objects
[15:11:41] [INFO] Processing recipes...
[15:11:41] [WARN] Failed to parse recipe 'starbunclemania:mixing/liquid_source_1000[create:mixing]'! Falling back to vanilla: {"amount":1000,"fluid":"starbunclemania:source_fluid"} is not a valid fluid!
[15:11:41] [WARN] Failed to parse recipe 'starbunclemania:mixing/liquid_source_250[create:mixing]'! Falling back to vanilla: {"amount":250,"fluid":"starbunclemania:source_fluid"} is not a valid fluid!
[15:11:41] [WARN] Failed to parse recipe 'ratatouille:smoking/solid_sugar_block[minecraft:smoking]'! Falling back to vanilla: ItemStack 'result' can't be empty!
[15:11:41] [WARN] Failed to parse recipe 'create_dd:crafting/steel_block_from_compacting[minecraft:crafting_shaped]'! Falling back to vanilla: ItemStack 'result' can't be empty!
[15:11:41] [WARN] Failed to parse recipe 'create_dd:crafting/steel_ingot_from_compacting[minecraft:crafting_shaped]'! Falling back to vanilla: ItemStack 'result' can't be empty!
[15:11:41] [WARN] Failed to parse recipe 'create_dd:crafting/steel_nugget_from_decompacting[minecraft:crafting_shapeless]'! Falling back to vanilla: ItemStack 'result' can't be empty!
[15:11:41] [WARN] Failed to parse recipe 'create_dd:crafting/tin_ingot_from_compacting[minecraft:crafting_shaped]'! Falling back to vanilla: ItemStack 'result' can't be empty!
[15:11:41] [WARN] Failed to parse recipe 'create_dd:crafting/tin_block_from_compacting[minecraft:crafting_shaped]'! Falling back to vanilla: ItemStack 'result' can't be empty!
[15:11:41] [WARN] Failed to parse recipe 'tfmg:polarizing/magnet[tfmg:polarizing]'! Falling back to vanilla: Recipe component key 'energy' not found! Valid keys: [ingredients:input_item[], energy:int, results:output_item[]]
[15:11:41] [WARN] Failed to parse recipe 'tfmg:hot_blast/hot_air[tfmg:hot_blast]'! Falling back to vanilla: Cannot invoke "com.google.gson.JsonElement.getAsString()" because the return value of "com.google.gson.JsonObject.get(String)" is null
[15:11:41] [WARN] Failed to parse recipe 'create_dd:crafting/steel_ingot_from_decompacting[minecraft:crafting_shapeless]'! Falling back to vanilla: ItemStack 'result' can't be empty!
[15:11:41] [INFO] Found 14954 recipes in 100.1 ms
[15:11:41] [INFO] Posted recipe events in 23.72 ms
[15:11:41] [WARN] Error parsing recipe tconstruct:common/materials/steel_nugget_from_ingot[minecraft:crafting_shapeless]: {"type":"minecraft:crafting_shapeless","category":"misc","group":"tconstruct:steel_nugget","ingredients":[{"item":"tconstruct:steel_ingot"}],"result":{"count":9,"item":"create_ironworks:steel_nugget"}}: Unknown item 'tconstruct:steel_ingot'
[15:11:41] [WARN] Error parsing recipe create_dd:crafting/tin_block_from_compacting[minecraft:crafting_shaped]: {"type":"minecraft:crafting_shaped","pattern":["###","###","###"],"key":{"#":{"item":"create_dd:tin_ingot"}},"result":{"item":"create_dd:tin_block"}}: Unknown item 'create_dd:tin_ingot'
[15:11:41] [WARN] Error parsing recipe create_ironworks:compat/dreams_and_desires/crushing_coal_piece[create:crushing]: {"type":"create:crushing","ingredients":[{"item":"create_dd:coal_piece"}],"results":[{"item":"create_ironworks:coal_dust","chance":0.15}],"processingTime":250}: Unknown item 'create_dd:coal_piece'
[15:11:41] [WARN] Error parsing recipe createcasing:crafting/chain_drive/creative_from_zinc[minecraft:crafting_shapeless]: {"type":"minecraft:crafting_shapeless","category":"misc","ingredients":[{"item":"create:creative_casing"},{"tag":"forge:nuggets/zinc"},{"tag":"forge:nuggets/zinc"},{"tag":"forge:nuggets/zinc"}],"result":{"item":"createcasing:creative_encased_chain_drive"}}: Unknown item 'create:creative_casing'
[15:11:41] [WARN] Error parsing recipe tconstruct:common/materials/steel_block_from_ingots[minecraft:crafting_shaped]: {"type":"minecraft:crafting_shaped","category":"misc","group":"tconstruct:steel_block","key":{},"pattern":["   ","   ","   "],"result":{"item":"create_ironworks:steel_block"},"show_notification":true}: Index 0 out of bounds for length 0
[15:11:41] [WARN] Error parsing recipe createfisheryindustry:crushing/harpoon[create:crushing]: {"type":"create:crushing","ingredients":[{"item":"createfisheryindustry:harpoon"}],"processing_time":200,"results":[{"id":"create:zinc_ingot"},{"chance":0.75,"count":3,"item":"create:zinc_nugget"}]}: Missing item, expected to find a string
[15:11:41] [WARN] Error parsing recipe ratatouille:smoking/solid_sugar_block[minecraft:smoking]: {"type":"minecraft:smoking","cookingtime":100,"experience":0.0,"ingredient":{"item":"ratatouille:sugar_block"},"result":{"item":"ratatouille:solid_sugar_block"}}: Unknown item 'ratatouille:sugar_block'
[15:11:41] [WARN] Error parsing recipe create_dd:crafting/tin_ingot_from_compacting[minecraft:crafting_shaped]: {"type":"minecraft:crafting_shaped","pattern":["###","###","###"],"key":{"#":{"item":"create_dd:tin_nugget"}},"result":{"item":"create_dd:tin_ingot"}}: Unknown item 'create_dd:tin_nugget'
[15:11:41] [WARN] Error parsing recipe tconstruct:common/materials/steel_ingot_from_nuggets[minecraft:crafting_shaped]: {"type":"minecraft:crafting_shaped","category":"misc","group":"tconstruct:steel_ingot","key":{},"pattern":["   ","   ","   "],"result":{"item":"create_ironworks:steel_ingot"},"show_notification":true}: Index 0 out of bounds for length 0
[15:11:41] [WARN] Error parsing recipe alexscavesdelight:cutting/pewen_hanging_sing[farmersdelight:cutting]: {"type":"farmersdelight:cutting","ingredients":[{"item":"alexscaves:pewen_hanging_sing"}],"result":[{"item":"alexscaves:pewen_planks"}],"tool":{"type":"farmersdelight:tool_action","action":"axe_dig"}}: Unknown item 'alexscaves:pewen_hanging_sing'
[15:11:41] [WARN] Error parsing recipe ratatouille:threshing/wool[ratatouille:threshing]: {"type":"ratatouille:threshing","ingredients":[{"item":"minecraft:wool"}],"processingTime":200,"results":[{"item":"minecraft:wool","count":2}]}: Unknown item 'minecraft:wool'
[15:11:41] [WARN] Error parsing recipe create_dd:crafting/steel_ingot_from_decompacting[minecraft:crafting_shapeless]: {"type":"minecraft:crafting_shapeless","ingredients":[{"tag":"c:steel_storage_blocks"}],"result":{"item":"create_dd:steel_ingot","count":9}}: Unknown item 'create_dd:steel_ingot'
[15:11:41] [WARN] Error parsing recipe create_dd:crafting/steel_nugget_from_decompacting[minecraft:crafting_shapeless]: {"type":"minecraft:crafting_shapeless","ingredients":[{"tag":"c:steel_ingots"}],"result":{"item":"create_dd:steel_nugget","count":9}}: Unknown item 'create_dd:steel_nugget'
[15:11:41] [WARN] Error parsing recipe create_dd:crafting/steel_block_from_compacting[minecraft:crafting_shaped]: {"type":"minecraft:crafting_shaped","pattern":["###","###","###"],"key":{"#":{"item":"create_dd:steel_ingot"}},"result":{"item":"create_dd:steel_block"}}: Unknown item 'create_dd:steel_ingot'
[15:11:41] [WARN] Error parsing recipe create_dd:crafting/steel_ingot_from_compacting[minecraft:crafting_shaped]: {"type":"minecraft:crafting_shaped","pattern":["###","###","###"],"key":{"#":{"tag":"c:steel_nuggets"}},"result":{"item":"create_dd:steel_ingot"}}: Unknown item 'create_dd:steel_ingot'
[15:11:41] [WARN] Error parsing recipe starbunclemania:mixing/liquid_source_1000[create:mixing]: {"type":"create:mixing","heatRequirement":"heated","ingredients":[{"item":"minecraft:amethyst_shard"},{"tag":"forge:consumables/experience_12"}],"results":[{"amount":1000,"fluid":"starbunclemania:source_fluid"}]}: Invalid empty fluid 'starbunclemania:source_fluid'
[15:11:41] [WARN] Error parsing recipe starbunclemania:mixing/liquid_source_250[create:mixing]: {"type":"create:mixing","heatRequirement":"heated","ingredients":[{"tag":"forge:dusts/amethyst"},{"tag":"forge:consumables/experience_3"}],"results":[{"amount":250,"fluid":"starbunclemania:source_fluid"}]}: Invalid empty fluid 'starbunclemania:source_fluid'
[15:11:41] [WARN] Error parsing recipe fcne:jaboticaba_wood[farmersdelight:cutting]: {"type":"farmersdelight:cutting","ingredients":[{"item":"nethers_exoticism:jaboticaba_wood"}],"tool":{"type":"farmersdelight:tool_action","action":"axe_strip"},"result":[{"item":"nethers_exoticism:stripped_jaboticaba_wood"},{"item":"farmersdelight:tree_bark"}],"sound":"minecraft:item.axe.strip"}: Unknown item 'nethers_exoticism:jaboticaba_wood'
[15:11:41] [WARN] Error parsing recipe tconstruct:common/materials/steel_ingot_from_block[minecraft:crafting_shapeless]: {"type":"minecraft:crafting_shapeless","category":"misc","group":"tconstruct:steel_ingot","ingredients":[{"item":"tconstruct:steel_block"}],"result":{"count":9,"item":"create_ironworks:steel_ingot"}}: Unknown item 'tconstruct:steel_block'
[15:11:41] [WARN] Error parsing recipe create_ironworks:compat/dreams_and_desires/raw_tin_exchange[minecraft:crafting_shapeless]: {"type":"minecraft:crafting_shapeless","category":"misc","ingredients":[{"item":"create_dd:raw_tin"}],"result":{"item":"create_ironworks:raw_tin","count":1}}: Unknown item 'create_dd:raw_tin'
[15:11:41] [WARN] Error parsing recipe createfisheryindustry:crushing/worn_harpoon[create:crushing]: {"type":"create:crushing","ingredients":[{"item":"createfisheryindustry:worn_harpoon"}],"processing_time":200,"results":[{"id":"create:zinc_ingot"},{"chance":0.75,"count":3,"item":"create:zinc_nugget"}]}: Missing item, expected to find a string
[15:11:41] [WARN] Error parsing recipe alexscavesdelight:cutting/thornwood_hanging_sing[farmersdelight:cutting]: {"type":"farmersdelight:cutting","ingredients":[{"item":"alexscaves:thornwood_hanging_sing"}],"result":[{"item":"alexscaves:thornwood_planks"}],"tool":{"type":"farmersdelight:tool_action","action":"axe_dig"}}: Unknown item 'alexscaves:thornwood_hanging_sing'
[15:11:41] [WARN] Error parsing recipe tfmg:kjs/6q5azdz19gqln5onkr5699hgn[tfmg:casting]: {"type":"tfmg:casting","ingredients":[{"fluid":"molten_metals:molten_bismuthe","amount":288}],"results":[{"item":"rosegoldequipment:rose_gold_ingot","count":1}],"processingTime":150}: Invalid empty fluid 'molten_metals:molten_bismuthe'
[15:11:41] [INFO] Added 9 recipes, removed 17 recipes, modified 2 recipes, with 23 failed recipes in 144.2 ms
[15:11:43] [INFO] Server resource reload complete!
