[15:07:40.524][INFO][CraftTweaker-EarlyInit]: CraftTweaker is running on a Minecraft 1.20.1 production client modded with platform Forge
[15:07:40.545][INFO][CraftTweaker-EarlyInit]: Successfully injected RecipeFS file system
[15:07:40.581][INFO][CraftTweaker-Plugins]: Successfully identified and loaded plugin crafttweaker:builtin
[15:07:40.581][INFO][CraftTweaker-Plugins]: Successfully identified and loaded plugin crafttweaker:builtin_forge
[15:07:40.583][INFO][CraftTweaker-Plugins]: Successfully identified and loaded plugin createtweaker:main
[15:07:40.586][INFO][CraftTweaker-Plugins]: Successfully identified and loaded plugin farmersdelight:crafttweaker_plugin
[15:07:41.224][INFO][CraftTweaker]: The following mods have explicit CraftTweaker support through the default plugin:
[15:07:41.225][INFO][CraftTweaker]: - 'aquaculture' at version '2.5.5'
[15:07:41.225][INFO][CraftTweaker]: - 'crafttweaker' at version '14.0.59'
[15:07:41.225][INFO][CraftTweaker]: - 'createtweaker' at version '4.0.15'
[15:07:41.225][INFO][CraftTweaker]: - 'farmersdelight' at version '1.20.1-1.2.9'
[15:07:47.963][INFO][CraftTweaker-ZenCode]: Started loading scripts for loader 'initialize'
[15:07:48.217][INFO][CraftTweaker-ZenCode]: Compiling and executing scripts
[15:07:48.245][INFO][CraftTweaker-ZenCode]: Successfully initialized modules [crafttweaker, expansions]
[15:07:48.321][INFO][CraftTweaker-ZenCode]: Execution for loader 'initialize' completed successfully
[15:11:40.533][INFO][CraftTweaker-ZenCode]: Started loading scripts for loader 'tags'
[15:11:40.549][INFO][CraftTweaker-ZenCode]: Compiling and executing scripts
[15:11:40.558][INFO][CraftTweaker-ZenCode]: Successfully initialized modules [crafttweaker, expansions]
[15:11:40.563][INFO][CraftTweaker-ZenCode]: Execution for loader 'tags' completed successfully
[15:11:41.709][INFO][CraftTweaker]: CraftTweaker reload starting!
[15:11:41.712][INFO][CraftTweaker-ZenCode]: Started loading scripts for loader 'crafttweaker'
[15:11:41.723][INFO][CraftTweaker-ZenCode]: Compiling and executing scripts
[15:11:41.895][INFO][CraftTweaker-ZenCode]: Successfully initialized modules [mods, crafttweaker, expansions]
[15:11:41.896][INFO][CraftTweaker-ZenCode]: Loading file 'IHateArrmor.zs' with priority 0
[15:11:41.897][INFO][CraftTweaker-ZenCode]: Loading file 'IHateCreate.zs' with priority 0
[15:11:41.901][INFO][CraftTweaker-ZenCode]: Loading file 'IHateDupes.zs' with priority 0
[15:11:41.901][INFO][CraftTweaker-ZenCode]: Loading file 'IHateTools.zs' with priority 0
[15:11:41.947][INFO][CraftTweaker]: Removing 'crafting' recipes with output: '<item:create_ironworks:copper_armor_helmet>'
[15:11:41.955][INFO][CraftTweaker]: Adding 'minecraft:crafting' recipe, of type: "shaped", with name: 'crafttweaker:cplatehelm' that outputs: '<item:create_ironworks:copper_armor_helmet>'
[15:11:41.955][INFO][CraftTweaker]: Removing 'crafting' recipes with output: '<item:create_ironworks:copper_armor_chestplate>'
[15:11:41.958][INFO][CraftTweaker]: Adding 'minecraft:crafting' recipe, of type: "shaped", with name: 'crafttweaker:cplatechest' that outputs: '<item:create_ironworks:copper_armor_chestplate>'
[15:11:41.958][INFO][CraftTweaker]: Removing 'crafting' recipes with output: '<item:create_ironworks:copper_armor_leggings>'
[15:11:41.960][INFO][CraftTweaker]: Adding 'minecraft:crafting' recipe, of type: "shaped", with name: 'crafttweaker:cplateleggings' that outputs: '<item:create_ironworks:copper_armor_leggings>'
[15:11:41.960][INFO][CraftTweaker]: Removing 'crafting' recipes with output: '<item:create_ironworks:copper_armor_boots>'
[15:11:41.962][INFO][CraftTweaker]: Adding 'minecraft:crafting' recipe, of type: "shaped", with name: 'crafttweaker:cplateboots' that outputs: '<item:create_ironworks:copper_armor_boots>'
[15:11:41.962][INFO][CraftTweaker]: Removing 'crafting' recipes with output: '<item:minecraft:iron_helmet>'
[15:11:41.964][INFO][CraftTweaker]: Adding 'minecraft:crafting' recipe, of type: "shaped", with name: 'crafttweaker:iplatehelm' that outputs: '<item:minecraft:iron_helmet>'
[15:11:41.964][INFO][CraftTweaker]: Removing 'crafting' recipes with output: '<item:minecraft:iron_chestplate>'
[15:11:41.966][INFO][CraftTweaker]: Adding 'minecraft:crafting' recipe, of type: "shaped", with name: 'crafttweaker:iplatechest' that outputs: '<item:minecraft:iron_chestplate>'
[15:11:41.966][INFO][CraftTweaker]: Removing 'crafting' recipes with output: '<item:minecraft:iron_leggings>'
[15:11:41.968][INFO][CraftTweaker]: Adding 'minecraft:crafting' recipe, of type: "shaped", with name: 'crafttweaker:iplatelegs' that outputs: '<item:minecraft:iron_leggings>'
[15:11:41.968][INFO][CraftTweaker]: Removing 'crafting' recipes with output: '<item:minecraft:iron_boots>'
[15:11:41.969][INFO][CraftTweaker]: Adding 'minecraft:crafting' recipe, of type: "shaped", with name: 'crafttweaker:iplateboots' that outputs: '<item:minecraft:iron_boots>'
[15:11:41.969][INFO][CraftTweaker]: Removing 'crafting' recipes with output: '<item:minecraft:golden_helmet>'
[15:11:41.971][INFO][CraftTweaker]: Adding 'minecraft:crafting' recipe, of type: "shaped", with name: 'crafttweaker:gplatehelm' that outputs: '<item:minecraft:iron_helmet>'
[15:11:41.971][INFO][CraftTweaker]: Removing 'crafting' recipes with output: '<item:minecraft:golden_chestplate>'
[15:11:41.972][INFO][CraftTweaker]: Adding 'minecraft:crafting' recipe, of type: "shaped", with name: 'crafttweaker:gplatechest' that outputs: '<item:minecraft:iron_chestplate>'
[15:11:41.973][INFO][CraftTweaker]: Removing 'crafting' recipes with output: '<item:minecraft:golden_leggings>'
[15:11:41.974][INFO][CraftTweaker]: Adding 'minecraft:crafting' recipe, of type: "shaped", with name: 'crafttweaker:gplatelegs' that outputs: '<item:minecraft:iron_leggings>'
[15:11:41.974][INFO][CraftTweaker]: Removing 'crafting' recipes with output: '<item:minecraft:golden_boots>'
[15:11:41.975][INFO][CraftTweaker]: Adding 'minecraft:crafting' recipe, of type: "shaped", with name: 'crafttweaker:gplateboots' that outputs: '<item:minecraft:golden_boots>'
[15:11:41.975][INFO][CraftTweaker]: Removing 'crafting' recipes with output: '<item:create_ironworks:bronze_armor_helmet>'
[15:11:41.977][INFO][CraftTweaker]: Adding 'minecraft:crafting' recipe, of type: "shaped", with name: 'crafttweaker:bplatehelm' that outputs: '<item:create_ironworks:bronze_armor_helmet>'
[15:11:41.977][INFO][CraftTweaker]: Removing 'crafting' recipes with output: '<item:create_ironworks:bronze_armor_chestplate>'
[15:11:41.978][INFO][CraftTweaker]: Adding 'minecraft:crafting' recipe, of type: "shaped", with name: 'crafttweaker:bplatechest' that outputs: '<item:create_ironworks:bronze_armor_chestplate>'
[15:11:41.978][INFO][CraftTweaker]: Removing 'crafting' recipes with output: '<item:create_ironworks:bronze_armor_leggings>'
[15:11:41.980][INFO][CraftTweaker]: Adding 'minecraft:crafting' recipe, of type: "shaped", with name: 'crafttweaker:bplatelegs' that outputs: '<item:create_ironworks:bronze_armor_leggings>'
[15:11:41.980][INFO][CraftTweaker]: Removing 'crafting' recipes with output: '<item:create_ironworks:bronze_armor_boots>'
[15:11:41.981][INFO][CraftTweaker]: Adding 'minecraft:crafting' recipe, of type: "shaped", with name: 'crafttweaker:bplateboots' that outputs: '<item:create_ironworks:bronze_armor_boots>'
[15:11:41.981][INFO][CraftTweaker]: Removing 'crafting' recipes with output: '<item:create_ironworks:brass_armor_helmet>'
[15:11:41.982][INFO][CraftTweaker]: Adding 'minecraft:crafting' recipe, of type: "shaped", with name: 'crafttweaker:brlatehelm' that outputs: '<item:create_ironworks:brass_armor_helmet>'
[15:11:41.982][INFO][CraftTweaker]: Removing 'crafting' recipes with output: '<item:create_ironworks:brass_armor_chestplate>'
[15:11:41.984][INFO][CraftTweaker]: Adding 'minecraft:crafting' recipe, of type: "shaped", with name: 'crafttweaker:brplatechest' that outputs: '<item:create_ironworks:brass_armor_chestplate>'
[15:11:41.984][INFO][CraftTweaker]: Removing 'crafting' recipes with output: '<item:create_ironworks:brass_armor_leggings>'
[15:11:41.985][INFO][CraftTweaker]: Adding 'minecraft:crafting' recipe, of type: "shaped", with name: 'crafttweaker:brplatelegs' that outputs: '<item:create_ironworks:brass_armor_leggings>'
[15:11:41.985][INFO][CraftTweaker]: Removing 'crafting' recipes with output: '<item:create_ironworks:brass_armor_boots>'
[15:11:41.987][INFO][CraftTweaker]: Adding 'minecraft:crafting' recipe, of type: "shaped", with name: 'crafttweaker:brplateboots' that outputs: '<item:create_ironworks:brass_armor_boots>'
[15:11:41.987][INFO][CraftTweaker]: Removing 'crafting' recipes with output: '<item:create_ironworks:steel_armor_helmet>'
[15:11:41.988][INFO][CraftTweaker]: Adding 'minecraft:crafting' recipe, of type: "shaped", with name: 'crafttweaker:splatehelm' that outputs: '<item:create_ironworks:steel_armor_helmet>'
[15:11:41.988][INFO][CraftTweaker]: Removing 'crafting' recipes with output: '<item:create_ironworks:steel_armor_chestplate>'
[15:11:41.989][INFO][CraftTweaker]: Adding 'minecraft:crafting' recipe, of type: "shaped", with name: 'crafttweaker:splatechest' that outputs: '<item:create_ironworks:steel_armor_chestplate>'
[15:11:41.989][INFO][CraftTweaker]: Removing 'crafting' recipes with output: '<item:create_ironworks:steel_armor_leggings>'
[15:11:41.989][INFO][CraftTweaker]: Adding 'minecraft:crafting' recipe, of type: "shaped", with name: 'crafttweaker:splatelegs' that outputs: '<item:create_ironworks:steel_armor_leggings>'
[15:11:41.989][INFO][CraftTweaker]: Removing 'crafting' recipes with output: '<item:create_ironworks:steel_armor_boots>'
[15:11:41.990][INFO][CraftTweaker]: Adding 'minecraft:crafting' recipe, of type: "shaped", with name: 'crafttweaker:splateboots' that outputs: '<item:create_ironworks:steel_armor_boots>'
[15:11:41.990][INFO][CraftTweaker]: Adding 'minecraft:stonecutting' recipe, with name: 'crafttweaker:create2alexlime' that outputs: '<item:create:limestone>'
[15:11:41.990][INFO][CraftTweaker]: Adding 'minecraft:stonecutting' recipe, with name: 'crafttweaker:alex2createlime' that outputs: '<item:alexscaves:limestone>'
[15:11:41.990][INFO][CraftTweaker]: Removing 'create:cutting' recipes with output: '<item:create_new_age:electrical_connector>'
[15:11:41.990][INFO][CraftTweaker]: Removing 'create:cutting' recipes with output: '<item:create_new_age:copper_wire>'
[15:11:41.990][INFO][CraftTweaker]: Removing 'create:cutting' recipes with output: '<item:create_new_age:overcharged_golden_wire>'
[15:11:41.991][INFO][CraftTweaker]: Removing 'create:cutting' recipes with output: '<item:create_new_age:overcharged_iron_wire>'
[15:11:41.991][INFO][CraftTweaker]: Removing 'create:cutting' recipes with output: '<item:create_new_age:overcharged_diamond_wire>'
[15:11:41.991][INFO][CraftTweaker]: Removing 'create:sequenced_assembly' recipes with output: '<item:create_new_age:overcharged_diamond_wire>'
[15:11:41.991][INFO][CraftTweaker]: Removing 'create:sequenced_assembly' recipes with output: '<item:create_new_age:reactor_casing>'
[15:11:41.991][INFO][CraftTweaker]: Removing 'crafting' recipes with output: '<item:create_new_age:basic_motor>'
[15:11:41.991][INFO][CraftTweaker]: Removing 'crafting' recipes with output: '<item:create_new_age:advanced_motor>'
[15:11:41.992][INFO][CraftTweaker]: Removing 'crafting' recipes with output: '<item:create_new_age:basic_motor_extension>'
[15:11:41.992][INFO][CraftTweaker]: Removing 'create:mechanical_crafting' recipes with output: '<item:create_new_age:advanced_motor_extension>'
[15:11:41.992][INFO][CraftTweaker]: Removing 'create:mechanical_crafting' recipes with output: '<item:create_new_age:reinforced_motor>'
[15:11:41.993][INFO][CraftTweaker]: Adding 'create:mixing' recipe, with name: 'crafttweaker:iwuvlead' that outputs: '<item:create_new_age:reactor_casing>'
[15:11:41.993][INFO][CraftTweaker]: Adding 'create:mixing' recipe, with name: 'crafttweaker:magneticstuff' that outputs: '<item:tfmg:magnetic_alloy_ingot>'
[15:11:41.993][INFO][CraftTweaker]: Removing 'crafting' recipes with output: '<item:create_new_age:heater>'
[15:11:41.994][INFO][CraftTweaker]: Adding 'minecraft:crafting' recipe, of type: "shaped", with name: 'crafttweaker:newagestuff' that outputs: '<item:create_new_age:heater>'
[15:11:41.994][INFO][CraftTweaker]: Removing 'create:mixing' recipes with output: '<item:create_ironworks:steel_ingot>'
[15:11:41.994][INFO][CraftTweaker]: Removing 'create:mixing' recipes with output: '<item:create_ironworks:steel_nugget>'
[15:11:41.994][INFO][CraftTweaker]: Adding 'minecraft:crafting' recipe, of type: "shapeless", with name: 'crafttweaker:tinalloy' that outputs: '<item:create:andesite_alloy>'
[15:11:41.994][INFO][CraftTweaker]: Removing 'create:mixing' recipes with output: '<item:create_ironworks:bronze_ingot>'
[15:11:41.994][INFO][CraftTweaker]: Adding 'create:cutting' recipe, with name: 'crafttweaker:crushed' that outputs: '<item:create:shaft> * 32'
[15:11:41.994][INFO][CraftTweaker]: Removing 'create:crushing' recipes with output: '<item:minecraft:blaze_powder>'
[15:11:41.995][INFO][CraftTweaker]: Adding 'create:crushing' recipe, with name: 'crafttweaker:sulfur' that outputs: '<item:alexscaves:sulfur_dust> * 3'
[15:11:41.995][INFO][CraftTweaker]: Removing 'crafting' recipes with output: '<item:create_factory_logistics:factory_fluid_gauge>'
[15:11:41.995][INFO][CraftTweaker]: Adding 'minecraft:crafting' recipe, of type: "shapeless", with name: 'crafttweaker:fluidgauge' that outputs: '<item:create_factory_logistics:factory_fluid_gauge> * 2'
[15:11:41.995][INFO][CraftTweaker]: Adding 'minecraft:crafting' recipe, of type: "shapeless", with name: 'crafttweaker:squidgame' that outputs: '<item:oceansdelight:tentacle_on_a_stick>'
[15:11:41.995][INFO][CraftTweaker]: Adding 'farmersdelight:cutting' recipe, with name: 'crafttweaker:cutting_board_test' that outputs: '<item:oceansdelight:cut_tentacles>'
[15:11:41.995][INFO][CraftTweaker]: Removing 'create:sequenced_assembly' recipes with output: '<item:create_optical:copper_coil>'
[15:11:41.995][INFO][CraftTweaker]: Removing 'create:sequenced_assembly' recipes with output: '<item:create_optical:golden_coil>'
[15:11:41.996][INFO][CraftTweaker]: Adding 'minecraft:crafting' recipe, of type: "shapeless", with name: 'crafttweaker:goldenvoil' that outputs: '<item:create_optical:golden_coil>'
[15:11:41.996][INFO][CraftTweaker]: Removing 'create:sequenced_assembly' recipes with output: '<item:create_optical:zinc_coil>'
[15:11:41.996][INFO][CraftTweaker]: Adding 'minecraft:crafting' recipe, of type: "shapeless", with name: 'crafttweaker:greycoil' that outputs: '<item:create_optical:zinc_coil>'
[15:11:41.996][INFO][CraftTweaker]: Removing 'create:sequenced_assembly' recipes with output: '<item:create_optical:rose_quartz_catalyst_coil>'
[15:11:41.996][INFO][CraftTweaker]: Adding 'minecraft:crafting' recipe, of type: "shapeless", with name: 'crafttweaker:pinkcoil' that outputs: '<item:create_optical:rose_quartz_catalyst_coil>'
[15:11:41.996][INFO][CraftTweaker]: Removing 'create:sequenced_assembly' recipes with output: '<item:create_optical:mirror>'
[15:11:41.996][INFO][CraftTweaker]: Adding 'create:sandpaper_polishing' recipe, with name: 'crafttweaker:mirrorish' that outputs: '<item:create_optical:mirror>'
[15:11:41.996][INFO][CraftTweaker]: Removing 'create:sequenced_assembly' recipes with output: '<item:create_optical:polarizing_filter>'
[15:11:41.996][INFO][CraftTweaker]: Adding 'create:sandpaper_polishing' recipe, with name: 'crafttweaker:filterish' that outputs: '<item:create_optical:polarizing_filter>'
[15:11:41.996][INFO][CraftTweaker]: Removing 'create:sequenced_assembly' recipes with output: '<item:create_optical:optical_device>'
[15:11:41.996][INFO][CraftTweaker]: Adding 'minecraft:crafting' recipe, of type: "shapeless", with name: 'crafttweaker:lense' that outputs: '<item:create_optical:optical_device>'
[15:11:41.996][INFO][CraftTweaker]: Removing 'create:mixing' recipes with output: '<item:tfmg:magnetic_alloy_ingot>'
[15:11:41.996][INFO][CraftTweaker]: Adding 'create:mixing' recipe, with name: 'crafttweaker:magneticstuff' that outputs: '<item:tfmg:magnetic_alloy_ingot>'
[15:11:41.996][INFO][CraftTweaker]: Removing 'create:crushing' recipes with output: '<item:minecraft:blaze_powder>'
[15:11:41.996][INFO][CraftTweaker]: Removing 'crafting' recipes with output: '<item:create_ironworks:steel_ingot>'
[15:11:41.997][INFO][CraftTweaker]: Removing 'create:crushing' recipes with output: '<item:create_ironworks:coal_dust>'
[15:11:41.997][INFO][CraftTweaker]: Removing 'create:crushing' recipes with output: '<item:create_ironworks:charcoal_dust>'
[15:11:41.997][INFO][CraftTweaker]: Removing 'create:mixing' recipes with output: '<item:create_ironworks:steel_ingot>'
[15:11:41.997][INFO][CraftTweaker]: Removing 'create:cutting' recipes with output: '<item:create_factory_logistics:fluid_mechanism>'
[15:11:41.997][INFO][CraftTweaker]: Removing 'create:sequenced_assembly' recipes with output: '<item:balancedflight:flight_anchor>'
[15:11:41.997][INFO][CraftTweaker]: Removing 'crafting' recipes with output: '<item:createcobblestone:mechanical_generator>'
[15:11:41.997][INFO][CraftTweaker]: Removing 'create:mixing' recipes with output: '<item:create:brass_ingot>'
[15:11:41.997][INFO][CraftTweaker]: Removing 'create:mixing' recipes with output: '<item:oreganized:electrum_ingot>'
[15:11:41.997][INFO][CraftTweaker]: Removing 'create:mixing' recipes with output: '<item:create:brass_nugget>'
[15:11:41.997][INFO][CraftTweaker]: Removing 'create:mixing' recipes with output: '<item:create_ironworks:bronze_nugget>'
[15:11:41.997][INFO][CraftTweaker]: Removing 'create:mixing' recipes with output: '<item:tfmg:constantan_ingot>'
[15:11:41.997][INFO][CraftTweaker]: Removing 'crafting' recipes with output: '<item:create_ironworks:copper_hammer>'
[15:11:41.998][INFO][CraftTweaker]: Removing 'crafting' recipes with output: '<item:create_ironworks:brass_hammer>'
[15:11:41.998][INFO][CraftTweaker]: Removing 'crafting' recipes with output: '<item:create_ironworks:steel_hammer>'
[15:11:41.999][INFO][CraftTweaker]: Removing 'crafting' recipes with output: '<item:create_ironworks:iron_hammer>'
[15:11:41.999][INFO][CraftTweaker]: Removing 'crafting' recipes with output: '<item:create_ironworks:gold_hammer>'
[15:11:41.999][INFO][CraftTweaker]: Removing 'crafting' recipes with output: '<item:create_connected:item_silo>'
[15:11:42.000][INFO][CraftTweaker]: Removing 'crafting' recipes with output: '<item:create_ironworks:steel_block>'
[15:11:42.000][INFO][CraftTweaker]: Removing 'blasting' recipes with output: '<item:naturalist:cooked_egg>'
[15:11:42.001][INFO][CraftTweaker]: Removing 'crafting' recipes with output: '<item:tfmg:steel_sword>'
[15:11:42.001][INFO][CraftTweaker]: Removing 'crafting' recipes with output: '<item:tfmg:steel_pickaxe>'
[15:11:42.002][INFO][CraftTweaker]: Removing 'crafting' recipes with output: '<item:tfmg:steel_shovel>'
[15:11:42.002][INFO][CraftTweaker]: Removing 'crafting' recipes with output: '<item:tfmg:steel_hoe>'
[15:11:42.003][INFO][CraftTweaker]: Removing 'crafting' recipes with output: '<item:tfmg:steel_axe>'
[15:11:42.003][INFO][CraftTweaker]: Removing 'crafting' recipes with output: '<item:tfmg:steel_helmet>'
[15:11:42.004][INFO][CraftTweaker]: Removing 'crafting' recipes with output: '<item:tfmg:steel_chestplate>'
[15:11:42.004][INFO][CraftTweaker]: Removing 'crafting' recipes with output: '<item:tfmg:steel_leggings>'
[15:11:42.004][INFO][CraftTweaker]: Removing 'crafting' recipes with output: '<item:tfmg:steel_boots>'
[15:11:42.005][INFO][CraftTweaker]: Removing 'crafting' recipes with output: '<item:create_ironworks:iron_paxel>'
[15:11:42.006][INFO][CraftTweaker]: Adding 'minecraft:crafting' recipe, of type: "shaped", with name: 'crafttweaker:ihateironpaxle' that outputs: '<item:create_ironworks:iron_paxel>'
[15:11:42.006][INFO][CraftTweaker]: Removing 'crafting' recipes with output: '<item:create_ironworks:gold_paxel>'
[15:11:42.006][INFO][CraftTweaker]: Adding 'minecraft:crafting' recipe, of type: "shaped", with name: 'crafttweaker:ihategoldpaxle' that outputs: '<item:create_ironworks:gold_paxel>'
[15:11:42.006][INFO][CraftTweaker]: Removing 'crafting' recipes with output: '<item:create_ironworks:diamond_paxel>'
[15:11:42.007][INFO][CraftTweaker]: Adding 'minecraft:crafting' recipe, of type: "shaped", with name: 'crafttweaker:ihatediamondpaxle' that outputs: '<item:create_ironworks:diamond_paxel>'
[15:11:42.007][INFO][CraftTweaker]: Removing 'crafting' recipes with output: '<item:create_ironworks:netherite_paxel>'
[15:11:42.007][INFO][CraftTweaker]: Adding 'minecraft:crafting' recipe, of type: "shaped", with name: 'crafttweaker:ihatednetheritepaxle' that outputs: '<item:create_ironworks:netherite_paxel>'
[15:11:42.007][INFO][CraftTweaker]: Removing 'crafting' recipes with output: '<item:create_ironworks:copper_paxel>'
[15:11:42.008][INFO][CraftTweaker]: Adding 'minecraft:crafting' recipe, of type: "shaped", with name: 'crafttweaker:ihatedcopperpaxle' that outputs: '<item:create_ironworks:copper_paxel>'
[15:11:42.008][INFO][CraftTweaker]: Removing 'crafting' recipes with output: '<item:create_ironworks:copper_paxel>'
[15:11:42.008][INFO][CraftTweaker]: Adding 'minecraft:crafting' recipe, of type: "shaped", with name: 'crafttweaker:ihatedbronzepaxle' that outputs: '<item:create_ironworks:bronze_paxel>'
[15:11:42.008][INFO][CraftTweaker]: Removing 'crafting' recipes with output: '<item:create_ironworks:brass_paxel>'
[15:11:42.009][INFO][CraftTweaker]: Adding 'minecraft:crafting' recipe, of type: "shaped", with name: 'crafttweaker:ihatedbrasspaxle' that outputs: '<item:create_ironworks:brass_paxel>'
[15:11:42.009][INFO][CraftTweaker]: Removing 'crafting' recipes with output: '<item:create_ironworks:steel_paxel>'
[15:11:42.009][INFO][CraftTweaker]: Adding 'minecraft:crafting' recipe, of type: "shaped", with name: 'crafttweaker:ihatesteelpaxle' that outputs: '<item:create_ironworks:steel_paxel>'
[15:11:42.009][INFO][CraftTweaker]: Removing 'crafting' recipes with output: '<item:minecraft:flint_and_steel>'
[15:11:42.010][INFO][CraftTweaker]: Adding 'minecraft:crafting' recipe, of type: "shapeless", with name: 'crafttweaker:flintandactualsteel' that outputs: '<item:minecraft:flint_and_steel>'
[15:11:42.010][INFO][CraftTweaker]: Adding 'minecraft:smithing' recipe, with name: 'crafttweaker:steeldagger2netherite' that outputs: '<item:spartanweaponry:netherite_dagger>'
[15:11:42.010][INFO][CraftTweaker]: Adding 'minecraft:smithing' recipe, with name: 'crafttweaker:steelparrydagger2netherite' that outputs: '<item:spartanweaponry:netherite_parrying_dagger>'
[15:11:42.010][INFO][CraftTweaker]: Adding 'minecraft:smithing' recipe, with name: 'crafttweaker:steellongsword2netherite' that outputs: '<item:spartanweaponry:netherite_longsword>'
[15:11:42.010][INFO][CraftTweaker]: Adding 'minecraft:smithing' recipe, with name: 'crafttweaker:steelkatana2netherite' that outputs: '<item:spartanweaponry:netherite_katana>'
[15:11:42.010][INFO][CraftTweaker]: Adding 'minecraft:smithing' recipe, with name: 'crafttweaker:steelsaber2netherite' that outputs: '<item:spartanweaponry:netherite_saber>'
[15:11:42.010][INFO][CraftTweaker]: Adding 'minecraft:smithing' recipe, with name: 'crafttweaker:steelrapier2netherite' that outputs: '<item:spartanweaponry:netherite_rapier>'
[15:11:42.010][INFO][CraftTweaker]: Adding 'minecraft:smithing' recipe, with name: 'crafttweaker:steelgreatsword2netherite' that outputs: '<item:spartanweaponry:netherite_greatsword>'
[15:11:42.010][INFO][CraftTweaker]: Adding 'minecraft:smithing' recipe, with name: 'crafttweaker:steelbattlehammer2netherite' that outputs: '<item:spartanweaponry:netherite_battle_hammer>'
[15:11:42.010][INFO][CraftTweaker]: Adding 'minecraft:smithing' recipe, with name: 'crafttweaker:steelbattlewarhammer2netherite' that outputs: '<item:spartanweaponry:netherite_warhammer>'
[15:11:42.010][INFO][CraftTweaker]: Adding 'minecraft:smithing' recipe, with name: 'crafttweaker:steespear2netherite' that outputs: '<item:spartanweaponry:netherite_spear>'
[15:11:42.010][INFO][CraftTweaker]: Adding 'minecraft:smithing' recipe, with name: 'crafttweaker:steelhalberd2netherite' that outputs: '<item:spartanweaponry:netherite_halberd>'
[15:11:42.010][INFO][CraftTweaker]: Adding 'minecraft:smithing' recipe, with name: 'crafttweaker:steelpike2netherite' that outputs: '<item:spartanweaponry:netherite_pike>'
[15:11:42.010][INFO][CraftTweaker]: Adding 'minecraft:smithing' recipe, with name: 'crafttweaker:steelance2netherite' that outputs: '<item:spartanweaponry:netherite_lance>'
[15:11:42.010][INFO][CraftTweaker]: Adding 'minecraft:smithing' recipe, with name: 'crafttweaker:steelcross2netherite' that outputs: '<item:spartanweaponry:netherite_heavy_crossbow>'
[15:11:42.010][INFO][CraftTweaker]: Adding 'minecraft:smithing' recipe, with name: 'crafttweaker:steelthrowingknife2netherite' that outputs: '<item:spartanweaponry:netherite_throwing_knife>'
[15:11:42.010][INFO][CraftTweaker]: Adding 'minecraft:smithing' recipe, with name: 'crafttweaker:steeltomahawk2netherite' that outputs: '<item:spartanweaponry:netherite_tomahawk>'
[15:11:42.010][INFO][CraftTweaker]: Adding 'minecraft:smithing' recipe, with name: 'crafttweaker:steeljavelin2netherite' that outputs: '<item:spartanweaponry:netherite_javelin>'
[15:11:42.010][INFO][CraftTweaker]: Adding 'minecraft:smithing' recipe, with name: 'crafttweaker:steelboomer2netherite' that outputs: '<item:spartanweaponry:netherite_boomerang>'
[15:11:42.011][INFO][CraftTweaker]: Adding 'minecraft:smithing' recipe, with name: 'crafttweaker:steelbattleaxe2netherite' that outputs: '<item:spartanweaponry:netherite_battleaxe>'
[15:11:42.011][INFO][CraftTweaker]: Adding 'minecraft:smithing' recipe, with name: 'crafttweaker:steelflangedmace2netherite' that outputs: '<item:spartanweaponry:netherite_flanged_mace>'
[15:11:42.011][INFO][CraftTweaker]: Adding 'minecraft:smithing' recipe, with name: 'crafttweaker:steelgalave2netherite' that outputs: '<item:spartanweaponry:netherite_glaive>'
[15:11:42.011][INFO][CraftTweaker]: Adding 'minecraft:smithing' recipe, with name: 'crafttweaker:steelquarterstaff2netherite' that outputs: '<item:spartanweaponry:netherite_quarterstaff>'
[15:11:42.011][INFO][CraftTweaker]: Adding 'minecraft:smithing' recipe, with name: 'crafttweaker:steelsythe2netherite' that outputs: '<item:spartanweaponry:netherite_scythe>'
[15:11:42.011][INFO][CraftTweaker]: Removing 'crafting' recipes with output: '<tag:items:spartanweaponry:electrum_weapons>'
[15:11:42.014][INFO][CraftTweaker]: Adding 'minecraft:smithing' recipe, with name: 'crafttweaker:electrumdagger' that outputs: '<item:spartanweaponry:electrum_dagger>'
[15:11:42.014][INFO][CraftTweaker]: Adding 'minecraft:smithing' recipe, with name: 'crafttweaker:electrumparrydagger' that outputs: '<item:spartanweaponry:electrum_parrying_dagger>'
[15:11:42.014][INFO][CraftTweaker]: Adding 'minecraft:smithing' recipe, with name: 'crafttweaker:electrumongsworde' that outputs: '<item:spartanweaponry:electrum_longsword>'
[15:11:42.014][INFO][CraftTweaker]: Adding 'minecraft:smithing' recipe, with name: 'crafttweaker:electrumkatana' that outputs: '<item:spartanweaponry:electrum_katana>'
[15:11:42.014][INFO][CraftTweaker]: Adding 'minecraft:smithing' recipe, with name: 'crafttweaker:electrumsaber' that outputs: '<item:spartanweaponry:electrum_saber>'
[15:11:42.014][INFO][CraftTweaker]: Adding 'minecraft:smithing' recipe, with name: 'crafttweaker:electrumrapier' that outputs: '<item:spartanweaponry:electrum_rapier>'
[15:11:42.014][INFO][CraftTweaker]: Adding 'minecraft:smithing' recipe, with name: 'crafttweaker:electrumgreatsword2netherite' that outputs: '<item:spartanweaponry:electrum_greatsword>'
[15:11:42.014][INFO][CraftTweaker]: Adding 'minecraft:smithing' recipe, with name: 'crafttweaker:electrumattlehammer2netherite' that outputs: '<item:spartanweaponry:electrum_battle_hammer>'
[15:11:42.014][INFO][CraftTweaker]: Adding 'minecraft:smithing' recipe, with name: 'crafttweaker:electrumbattlewarhammer2netherite' that outputs: '<item:spartanweaponry:electrum_warhammer>'
[15:11:42.014][INFO][CraftTweaker]: Adding 'minecraft:smithing' recipe, with name: 'crafttweaker:elecr2netherite' that outputs: '<item:spartanweaponry:electrum_spear>'
[15:11:42.014][INFO][CraftTweaker]: Adding 'minecraft:smithing' recipe, with name: 'crafttweaker:eleclhalberd2netherite' that outputs: '<item:spartanweaponry:electrum_halberd>'
[15:11:42.014][INFO][CraftTweaker]: Adding 'minecraft:smithing' recipe, with name: 'crafttweaker:eleclpike2netherite' that outputs: '<item:spartanweaponry:electrum_pike>'
[15:11:42.014][INFO][CraftTweaker]: Adding 'minecraft:smithing' recipe, with name: 'crafttweaker:eleclance2netherite' that outputs: '<item:spartanweaponry:electrum_lance>'
[15:11:42.014][INFO][CraftTweaker]: Adding 'minecraft:smithing' recipe, with name: 'crafttweaker:eleccross2netherite' that outputs: '<item:spartanweaponry:electrum_heavy_crossbow>'
[15:11:42.014][INFO][CraftTweaker]: Adding 'minecraft:smithing' recipe, with name: 'crafttweaker:electruthrowingknife2netherite' that outputs: '<item:spartanweaponry:electrum_throwing_knife>'
[15:11:42.014][INFO][CraftTweaker]: Adding 'minecraft:smithing' recipe, with name: 'crafttweaker:electrummahawk2netherite' that outputs: '<item:spartanweaponry:electrum_tomahawk>'
[15:11:42.014][INFO][CraftTweaker]: Adding 'minecraft:smithing' recipe, with name: 'crafttweaker:electrumjavelin2netherite' that outputs: '<item:spartanweaponry:electrum_javelin>'
[15:11:42.014][INFO][CraftTweaker]: Adding 'minecraft:smithing' recipe, with name: 'crafttweaker:electrummer2netherite' that outputs: '<item:spartanweaponry:electrum_boomerang>'
[15:11:42.014][INFO][CraftTweaker]: Adding 'minecraft:smithing' recipe, with name: 'crafttweaker:electrumtleaxe2netherite' that outputs: '<item:spartanweaponry:electrum_battleaxe>'
[15:11:42.014][INFO][CraftTweaker]: Adding 'minecraft:smithing' recipe, with name: 'crafttweaker:electrumngedmace2netherite' that outputs: '<item:spartanweaponry:electrum_flanged_mace>'
[15:11:42.014][INFO][CraftTweaker]: Adding 'minecraft:smithing' recipe, with name: 'crafttweaker:elegalave2netherite' that outputs: '<item:spartanweaponry:electrum_glaive>'
[15:11:42.015][INFO][CraftTweaker]: Adding 'minecraft:smithing' recipe, with name: 'crafttweaker:electrquarterstaff2netherite' that outputs: '<item:spartanweaponry:electrum_quarterstaff>'
[15:11:42.015][INFO][CraftTweaker]: Adding 'minecraft:smithing' recipe, with name: 'crafttweaker:electrumsythe' that outputs: '<item:spartanweaponry:electrum_scythe>'
[15:11:42.015][INFO][CraftTweaker]: Adding 'minecraft:smithing' recipe, with name: 'crafttweaker:etrumdagger' that outputs: '<item:spartanweaponry:invar_dagger>'
[15:11:42.015][INFO][CraftTweaker]: Adding 'minecraft:smithing' recipe, with name: 'crafttweaker:etrumparrydagger' that outputs: '<item:spartanweaponry:invar_parrying_dagger>'
[15:11:42.015][INFO][CraftTweaker]: Adding 'minecraft:smithing' recipe, with name: 'crafttweaker:etrumongsworde' that outputs: '<item:spartanweaponry:invar_longsword>'
[15:11:42.015][INFO][CraftTweaker]: Adding 'minecraft:smithing' recipe, with name: 'crafttweaker:etrumkatana' that outputs: '<item:spartanweaponry:invar_katana>'
[15:11:42.015][INFO][CraftTweaker]: Adding 'minecraft:smithing' recipe, with name: 'crafttweaker:etrumsaber' that outputs: '<item:spartanweaponry:invar_saber>'
[15:11:42.015][INFO][CraftTweaker]: Adding 'minecraft:smithing' recipe, with name: 'crafttweaker:etrumrapier' that outputs: '<item:spartanweaponry:invar_rapier>'
[15:11:42.015][INFO][CraftTweaker]: Adding 'minecraft:smithing' recipe, with name: 'crafttweaker:elumgreatsword2netherite' that outputs: '<item:spartanweaponry:invar_greatsword>'
[15:11:42.015][INFO][CraftTweaker]: Adding 'minecraft:smithing' recipe, with name: 'crafttweaker:eleumattlehammer2netherite' that outputs: '<item:spartanweaponry:invar_battle_hammer>'
[15:11:42.015][INFO][CraftTweaker]: Adding 'minecraft:smithing' recipe, with name: 'crafttweaker:erumbattlewarhammer2netherite' that outputs: '<item:spartanweaponry:invar_warhammer>'
[15:11:42.015][INFO][CraftTweaker]: Adding 'minecraft:smithing' recipe, with name: 'crafttweaker:e2netherite' that outputs: '<item:spartanweaponry:invar_spear>'
[15:11:42.015][INFO][CraftTweaker]: Adding 'minecraft:smithing' recipe, with name: 'crafttweaker:ehlberd2netherite' that outputs: '<item:spartanweaponry:invar_halberd>'
[15:11:42.015][INFO][CraftTweaker]: Adding 'minecraft:smithing' recipe, with name: 'crafttweaker:eke2netherite' that outputs: '<item:spartanweaponry:invar_pike>'
[15:11:42.015][INFO][CraftTweaker]: Adding 'minecraft:smithing' recipe, with name: 'crafttweaker:elance2netherite' that outputs: '<item:spartanweaponry:invar_lance>'
[15:11:42.015][INFO][CraftTweaker]: Adding 'minecraft:smithing' recipe, with name: 'crafttweaker:fakecross2netherite' that outputs: '<item:spartanweaponry:invar_heavy_crossbow>'
[15:11:42.015][INFO][CraftTweaker]: Adding 'minecraft:smithing' recipe, with name: 'crafttweaker:faketruthrowingknife2netherite' that outputs: '<item:spartanweaponry:invar_throwing_knife>'
[15:11:42.015][INFO][CraftTweaker]: Adding 'minecraft:smithing' recipe, with name: 'crafttweaker:faketrummahawk2netherite' that outputs: '<item:spartanweaponry:invar_tomahawk>'
[15:11:42.015][INFO][CraftTweaker]: Adding 'minecraft:smithing' recipe, with name: 'crafttweaker:faketrumjavelin2netherite' that outputs: '<item:spartanweaponry:invar_javelin>'
[15:11:42.015][INFO][CraftTweaker]: Adding 'minecraft:smithing' recipe, with name: 'crafttweaker:faketrummer2netherite' that outputs: '<item:spartanweaponry:invar_boomerang>'
[15:11:42.015][INFO][CraftTweaker]: Adding 'minecraft:smithing' recipe, with name: 'crafttweaker:gaketrumtleaxe2netherite' that outputs: '<item:spartanweaponry:invar_battleaxe>'
[15:11:42.015][INFO][CraftTweaker]: Adding 'minecraft:smithing' recipe, with name: 'crafttweaker:fakerumngedmace2netherite' that outputs: '<item:spartanweaponry:invar_flanged_mace>'
[15:11:42.015][INFO][CraftTweaker]: Adding 'minecraft:smithing' recipe, with name: 'crafttweaker:fakeralave2netherite' that outputs: '<item:spartanweaponry:invar_glaive>'
[15:11:42.015][INFO][CraftTweaker]: Adding 'minecraft:smithing' recipe, with name: 'crafttweaker:fakequarterstaff2netherite' that outputs: '<item:spartanweaponry:invar_quarterstaff>'
[15:11:42.015][INFO][CraftTweaker]: Adding 'minecraft:smithing' recipe, with name: 'crafttweaker:fakeumsythe' that outputs: '<item:spartanweaponry:invar_scythe>'
[15:11:42.015][INFO][CraftTweaker]: Removing 'crafting' recipes with output: '<tag:items:spartanweaponry:electrum_weapons>'
[15:11:42.018][INFO][CraftTweaker]: Removing 'crafting' recipes with output: '<tag:items:spartanweaponry:nickel_weapons>'
[15:11:42.020][INFO][CraftTweaker]: Removing 'crafting' recipes with output: '<tag:items:spartanweaponry:contantan_weapons>'
[15:11:42.021][INFO][CraftTweaker]: Adding 'minecraft:crafting' recipe, of type: "shaped", with name: 'crafttweaker:rosegoldbow' that outputs: '<item:archexpsquared:rose_gold_bow>'
[15:11:42.022][INFO][CraftTweaker-ZenCode]: Execution for loader 'crafttweaker' completed successfully
[15:11:42.022][INFO][CraftTweaker]: CraftTweaker reload complete!
[15:11:42.023][INFO][CraftTweaker]: This reload was made possible by Ncc1702 and more! Become a patron at https://patreon.com/jaredlll08?s=crtmod
